DEBUG: 2025/10/16 10:55:18 === Wails 应用启动调试开始 ===
DEBUG: 2025/10/16 10:55:18 启动时间: 2025-10-16 10:55:18
DEBUG: 2025/10/16 10:55:18 上下文: true
DEBUG: 2025/10/16 10:55:18 操作系统: linux
DEBUG: 2025/10/16 10:55:18 架构: amd64
DEBUG: 2025/10/16 10:55:18 开始初始化配置...
DEBUG: 2025/10/16 10:55:18 配置初始化完成: true
DEBUG: 2025/10/16 10:55:18 开始初始化日志...
DEBUG: 2025/10/16 10:55:18 日志初始化完成: true
DEBUG: 2025/10/16 10:55:18 开始初始化服务...
DEBUG: 2025/10/16 10:55:18 服务初始化完成
DEBUG: 2025/10/16 10:55:18 === 应用启动完成 ===
DEBUG: 2025/10/16 10:55:18 🎯 OnDomReady 开始执行
DEBUG: 2025/10/16 10:55:18 ✅ OnDomReady 正常结束
DEBUG: 2025/10/16 10:55:35 🚨 OnBeforeClose 被调用了！准备关闭应用
DEBUG: 2025/10/16 10:57:07 === Wails 应用启动调试开始 ===
DEBUG: 2025/10/16 10:57:07 启动时间: 2025-10-16 10:57:07
DEBUG: 2025/10/16 10:57:07 上下文: true
DEBUG: 2025/10/16 10:57:07 操作系统: linux
DEBUG: 2025/10/16 10:57:07 架构: amd64
DEBUG: 2025/10/16 10:57:07 开始初始化配置...
DEBUG: 2025/10/16 10:57:07 配置初始化完成: true
DEBUG: 2025/10/16 10:57:07 开始初始化日志...
DEBUG: 2025/10/16 10:57:07 日志初始化完成: true
DEBUG: 2025/10/16 10:57:07 开始初始化服务...
DEBUG: 2025/10/16 10:57:07 服务初始化完成
DEBUG: 2025/10/16 10:57:07 === 应用启动完成 ===
DEBUG: 2025/10/16 10:57:07 🎯 OnDomReady 开始执行
DEBUG: 2025/10/16 10:57:07 ✅ OnDomReady 正常结束
DEBUG: 2025/10/16 10:57:26 🚨 OnBeforeClose 被调用了！准备关闭应用
DEBUG: 2025/10/16 11:02:12 === Wails 应用启动调试开始 ===
DEBUG: 2025/10/16 11:02:12 启动时间: 2025-10-16 11:02:12
DEBUG: 2025/10/16 11:02:12 上下文: true
DEBUG: 2025/10/16 11:02:12 操作系统: linux
DEBUG: 2025/10/16 11:02:12 架构: amd64
DEBUG: 2025/10/16 11:02:12 开始初始化配置...
DEBUG: 2025/10/16 11:02:12 配置初始化完成: true
DEBUG: 2025/10/16 11:02:12 开始初始化日志...
DEBUG: 2025/10/16 11:02:12 日志初始化完成: true
DEBUG: 2025/10/16 11:02:12 开始初始化服务...
DEBUG: 2025/10/16 11:02:12 服务初始化完成
DEBUG: 2025/10/16 11:02:12 === 应用启动完成 ===
DEBUG: 2025/10/16 11:02:13 🎯 OnDomReady 开始执行
DEBUG: 2025/10/16 11:02:13 ✅ OnDomReady 正常结束
DEBUG: 2025/10/16 11:04:04 🚨 OnBeforeClose 被调用了！准备关闭应用
DEBUG: 2025/10/16 11:05:57 === Wails 应用启动调试开始 ===
DEBUG: 2025/10/16 11:05:57 启动时间: 2025-10-16 11:05:57
DEBUG: 2025/10/16 11:05:57 上下文: true
DEBUG: 2025/10/16 11:05:57 操作系统: linux
DEBUG: 2025/10/16 11:05:57 架构: amd64
DEBUG: 2025/10/16 11:05:57 开始初始化配置...
DEBUG: 2025/10/16 11:05:57 配置初始化完成: true
DEBUG: 2025/10/16 11:05:57 开始初始化日志...
DEBUG: 2025/10/16 11:05:57 日志初始化完成: true
DEBUG: 2025/10/16 11:05:57 开始初始化服务...
DEBUG: 2025/10/16 11:05:57 服务初始化完成
DEBUG: 2025/10/16 11:05:57 === 应用启动完成 ===
DEBUG: 2025/10/16 11:05:57 🎯 OnDomReady 开始执行
DEBUG: 2025/10/16 11:05:57 ✅ OnDomReady 正常结束
DEBUG: 2025/10/16 11:07:37 🚨 OnBeforeClose 被调用了！准备关闭应用
DEBUG: 2025/10/16 11:12:27 === Wails 应用启动调试开始 ===
DEBUG: 2025/10/16 11:12:27 启动时间: 2025-10-16 11:12:27
DEBUG: 2025/10/16 11:12:27 上下文: true
DEBUG: 2025/10/16 11:12:27 操作系统: linux
DEBUG: 2025/10/16 11:12:27 架构: amd64
DEBUG: 2025/10/16 11:12:27 开始初始化配置...
DEBUG: 2025/10/16 11:12:27 配置初始化完成: true
DEBUG: 2025/10/16 11:12:27 开始初始化日志...
DEBUG: 2025/10/16 11:12:27 日志初始化完成: true
DEBUG: 2025/10/16 11:12:27 开始初始化服务...
DEBUG: 2025/10/16 11:12:27 服务初始化完成
DEBUG: 2025/10/16 11:12:27 === 应用启动完成 ===
DEBUG: 2025/10/16 11:12:27 🎯 OnDomReady 开始执行
DEBUG: 2025/10/16 11:12:27 ✅ OnDomReady 正常结束
DEBUG: 2025/10/16 11:12:49 🚨 OnBeforeClose 被调用了！准备关闭应用
DEBUG: 2025/10/16 11:12:54 === Wails 应用启动调试开始 ===
DEBUG: 2025/10/16 11:12:54 启动时间: 2025-10-16 11:12:54
DEBUG: 2025/10/16 11:12:54 上下文: true
DEBUG: 2025/10/16 11:12:54 操作系统: linux
DEBUG: 2025/10/16 11:12:54 架构: amd64
DEBUG: 2025/10/16 11:12:54 开始初始化配置...
DEBUG: 2025/10/16 11:12:54 配置初始化完成: true
DEBUG: 2025/10/16 11:12:54 开始初始化日志...
DEBUG: 2025/10/16 11:12:54 日志初始化完成: true
DEBUG: 2025/10/16 11:12:54 开始初始化服务...
DEBUG: 2025/10/16 11:12:54 服务初始化完成
DEBUG: 2025/10/16 11:12:54 === 应用启动完成 ===
DEBUG: 2025/10/16 11:12:54 🎯 OnDomReady 开始执行
DEBUG: 2025/10/16 11:12:54 ✅ OnDomReady 正常结束
DEBUG: 2025/10/16 11:15:11 🚨 OnBeforeClose 被调用了！准备关闭应用
DEBUG: 2025/10/16 11:16:22 === Wails 应用启动调试开始 ===
DEBUG: 2025/10/16 11:16:22 启动时间: 2025-10-16 11:16:22
DEBUG: 2025/10/16 11:16:22 上下文: true
DEBUG: 2025/10/16 11:16:22 操作系统: linux
DEBUG: 2025/10/16 11:16:22 架构: amd64
DEBUG: 2025/10/16 11:16:22 开始初始化配置...
DEBUG: 2025/10/16 11:16:22 配置初始化完成: true
DEBUG: 2025/10/16 11:16:22 开始初始化日志...
DEBUG: 2025/10/16 11:16:22 日志初始化完成: true
DEBUG: 2025/10/16 11:16:22 开始初始化服务...
DEBUG: 2025/10/16 11:16:22 服务初始化完成
DEBUG: 2025/10/16 11:16:22 === 应用启动完成 ===
DEBUG: 2025/10/16 11:16:22 🎯 OnDomReady 开始执行
DEBUG: 2025/10/16 11:16:22 ✅ OnDomReady 正常结束
DEBUG: 2025/10/16 11:16:39 🚨 OnBeforeClose 被调用了！准备关闭应用
DEBUG: 2025/10/16 11:17:30 === Wails 应用启动调试开始 ===
DEBUG: 2025/10/16 11:17:30 启动时间: 2025-10-16 11:17:30
DEBUG: 2025/10/16 11:17:30 上下文: true
DEBUG: 2025/10/16 11:17:30 操作系统: linux
DEBUG: 2025/10/16 11:17:30 架构: amd64
DEBUG: 2025/10/16 11:17:30 开始初始化配置...
DEBUG: 2025/10/16 11:17:30 配置初始化完成: true
DEBUG: 2025/10/16 11:17:30 开始初始化日志...
DEBUG: 2025/10/16 11:17:30 日志初始化完成: true
DEBUG: 2025/10/16 11:17:30 开始初始化服务...
DEBUG: 2025/10/16 11:17:30 服务初始化完成
DEBUG: 2025/10/16 11:17:30 === 应用启动完成 ===
DEBUG: 2025/10/16 11:17:30 🎯 OnDomReady 开始执行
DEBUG: 2025/10/16 11:17:30 ✅ OnDomReady 正常结束
DEBUG: 2025/10/16 11:17:50 🚨 OnBeforeClose 被调用了！准备关闭应用
DEBUG: 2025/10/16 11:19:53 === Wails 应用启动调试开始 ===
DEBUG: 2025/10/16 11:19:53 启动时间: 2025-10-16 11:19:53
DEBUG: 2025/10/16 11:19:53 上下文: true
DEBUG: 2025/10/16 11:19:53 操作系统: linux
DEBUG: 2025/10/16 11:19:53 架构: amd64
DEBUG: 2025/10/16 11:19:53 开始初始化配置...
DEBUG: 2025/10/16 11:19:53 配置初始化完成: true
DEBUG: 2025/10/16 11:19:53 开始初始化日志...
DEBUG: 2025/10/16 11:19:53 日志初始化完成: true
DEBUG: 2025/10/16 11:19:53 开始初始化服务...
DEBUG: 2025/10/16 11:19:53 服务初始化完成
DEBUG: 2025/10/16 11:19:53 === 应用启动完成 ===
DEBUG: 2025/10/16 11:19:53 🎯 OnDomReady 开始执行
DEBUG: 2025/10/16 11:19:53 ✅ OnDomReady 正常结束
DEBUG: 2025/10/16 11:21:06 🚨 OnBeforeClose 被调用了！准备关闭应用
DEBUG: 2025/10/16 11:22:51 === Wails 应用启动调试开始 ===
DEBUG: 2025/10/16 11:22:51 启动时间: 2025-10-16 11:22:51
DEBUG: 2025/10/16 11:22:51 上下文: true
DEBUG: 2025/10/16 11:22:51 操作系统: linux
DEBUG: 2025/10/16 11:22:51 架构: amd64
DEBUG: 2025/10/16 11:22:51 开始初始化配置...
DEBUG: 2025/10/16 11:22:51 配置初始化完成: true
DEBUG: 2025/10/16 11:22:51 开始初始化日志...
DEBUG: 2025/10/16 11:22:51 日志初始化完成: true
DEBUG: 2025/10/16 11:22:51 开始初始化服务...
DEBUG: 2025/10/16 11:22:51 服务初始化完成
DEBUG: 2025/10/16 11:22:51 === 应用启动完成 ===
DEBUG: 2025/10/16 11:22:51 🎯 OnDomReady 开始执行
DEBUG: 2025/10/16 11:22:51 ✅ OnDomReady 正常结束
DEBUG: 2025/10/16 11:23:08 🚨 OnBeforeClose 被调用了！准备关闭应用
DEBUG: 2025/10/16 11:27:16 === Wails 应用启动调试开始 ===
DEBUG: 2025/10/16 11:27:16 启动时间: 2025-10-16 11:27:16
DEBUG: 2025/10/16 11:27:16 上下文: true
DEBUG: 2025/10/16 11:27:16 操作系统: linux
DEBUG: 2025/10/16 11:27:16 架构: amd64
DEBUG: 2025/10/16 11:27:16 开始初始化配置...
DEBUG: 2025/10/16 11:27:16 配置初始化完成: true
DEBUG: 2025/10/16 11:27:16 开始初始化日志...
DEBUG: 2025/10/16 11:27:16 日志初始化完成: true
DEBUG: 2025/10/16 11:27:16 开始初始化服务...
DEBUG: 2025/10/16 11:27:16 服务初始化完成
DEBUG: 2025/10/16 11:27:16 === 应用启动完成 ===
DEBUG: 2025/10/16 11:27:16 🎯 OnDomReady 开始执行
DEBUG: 2025/10/16 11:27:16 ✅ OnDomReady 正常结束
DEBUG: 2025/10/16 11:27:38 🚨 OnBeforeClose 被调用了！准备关闭应用
DEBUG: 2025/10/16 11:28:19 === Wails 应用启动调试开始 ===
DEBUG: 2025/10/16 11:28:19 启动时间: 2025-10-16 11:28:19
DEBUG: 2025/10/16 11:28:19 上下文: true
DEBUG: 2025/10/16 11:28:19 操作系统: linux
DEBUG: 2025/10/16 11:28:19 架构: amd64
DEBUG: 2025/10/16 11:28:19 开始初始化配置...
DEBUG: 2025/10/16 11:28:19 配置初始化完成: true
DEBUG: 2025/10/16 11:28:19 开始初始化日志...
DEBUG: 2025/10/16 11:28:19 日志初始化完成: true
DEBUG: 2025/10/16 11:28:19 开始初始化服务...
DEBUG: 2025/10/16 11:28:19 服务初始化完成
DEBUG: 2025/10/16 11:28:19 === 应用启动完成 ===
DEBUG: 2025/10/16 11:28:19 🎯 OnDomReady 开始执行
DEBUG: 2025/10/16 11:28:19 ✅ OnDomReady 正常结束
DEBUG: 2025/10/16 11:31:29 🚨 OnBeforeClose 被调用了！准备关闭应用
DEBUG: 2025/10/16 11:32:27 === Wails 应用启动调试开始 ===
DEBUG: 2025/10/16 11:32:27 启动时间: 2025-10-16 11:32:27
DEBUG: 2025/10/16 11:32:27 上下文: true
DEBUG: 2025/10/16 11:32:27 操作系统: linux
DEBUG: 2025/10/16 11:32:27 架构: amd64
DEBUG: 2025/10/16 11:32:27 开始初始化配置...
DEBUG: 2025/10/16 11:32:27 配置初始化完成: true
DEBUG: 2025/10/16 11:32:27 开始初始化日志...
DEBUG: 2025/10/16 11:32:27 日志初始化完成: true
DEBUG: 2025/10/16 11:32:27 开始初始化服务...
DEBUG: 2025/10/16 11:32:27 服务初始化完成
DEBUG: 2025/10/16 11:32:27 === 应用启动完成 ===
DEBUG: 2025/10/16 11:32:27 🎯 OnDomReady 开始执行
DEBUG: 2025/10/16 11:32:27 ✅ OnDomReady 正常结束
DEBUG: 2025/10/16 11:33:33 🚨 OnBeforeClose 被调用了！准备关闭应用
DEBUG: 2025/10/16 11:36:22 === Wails 应用启动调试开始 ===
DEBUG: 2025/10/16 11:36:22 启动时间: 2025-10-16 11:36:22
DEBUG: 2025/10/16 11:36:22 上下文: true
DEBUG: 2025/10/16 11:36:22 操作系统: linux
DEBUG: 2025/10/16 11:36:22 架构: amd64
DEBUG: 2025/10/16 11:36:22 开始初始化配置...
DEBUG: 2025/10/16 11:36:22 配置初始化完成: true
DEBUG: 2025/10/16 11:36:22 开始初始化日志...
DEBUG: 2025/10/16 11:36:22 日志初始化完成: true
DEBUG: 2025/10/16 11:36:22 开始初始化服务...
DEBUG: 2025/10/16 11:36:22 服务初始化完成
DEBUG: 2025/10/16 11:36:22 === 应用启动完成 ===
DEBUG: 2025/10/16 11:36:22 🎯 OnDomReady 开始执行
DEBUG: 2025/10/16 11:36:22 ✅ OnDomReady 正常结束
DEBUG: 2025/10/16 11:36:53 🚨 OnBeforeClose 被调用了！准备关闭应用
DEBUG: 2025/10/16 11:37:45 === Wails 应用启动调试开始 ===
DEBUG: 2025/10/16 11:37:45 启动时间: 2025-10-16 11:37:45
DEBUG: 2025/10/16 11:37:45 上下文: true
DEBUG: 2025/10/16 11:37:45 操作系统: linux
DEBUG: 2025/10/16 11:37:45 架构: amd64
DEBUG: 2025/10/16 11:37:45 开始初始化配置...
DEBUG: 2025/10/16 11:37:45 配置初始化完成: true
DEBUG: 2025/10/16 11:37:45 开始初始化日志...
DEBUG: 2025/10/16 11:37:45 日志初始化完成: true
DEBUG: 2025/10/16 11:37:45 开始初始化服务...
DEBUG: 2025/10/16 11:37:45 服务初始化完成
DEBUG: 2025/10/16 11:37:45 === 应用启动完成 ===
DEBUG: 2025/10/16 11:37:45 🎯 OnDomReady 开始执行
DEBUG: 2025/10/16 11:37:45 Platform: linux
DEBUG: 2025/10/16 11:37:45 Windows GUI Mode: true
DEBUG: 2025/10/16 11:37:45 ✅ OnDomReady 正常结束（服务异步启动中）
DEBUG: 2025/10/16 11:37:46 📊 开始启动监控服务（延迟后）
DEBUG: 2025/10/16 11:37:46 ✅ 服务启动过程完成
DEBUG: 2025/10/16 11:37:48 🚨 OnBeforeClose 被调用了！准备关闭应用
DEBUG: 2025/10/16 11:38:11 === Wails 应用启动调试开始 ===
DEBUG: 2025/10/16 11:38:11 启动时间: 2025-10-16 11:38:11
DEBUG: 2025/10/16 11:38:11 上下文: true
DEBUG: 2025/10/16 11:38:11 操作系统: linux
DEBUG: 2025/10/16 11:38:11 架构: amd64
DEBUG: 2025/10/16 11:38:11 开始初始化配置...
DEBUG: 2025/10/16 11:38:11 配置初始化完成: true
DEBUG: 2025/10/16 11:38:11 开始初始化日志...
DEBUG: 2025/10/16 11:38:11 日志初始化完成: true
DEBUG: 2025/10/16 11:38:11 开始初始化服务...
DEBUG: 2025/10/16 11:38:11 服务初始化完成
DEBUG: 2025/10/16 11:38:11 === 应用启动完成 ===
DEBUG: 2025/10/16 11:38:11 🎯 OnDomReady 开始执行
DEBUG: 2025/10/16 11:38:11 Platform: linux
DEBUG: 2025/10/16 11:38:11 Windows GUI Mode: true
DEBUG: 2025/10/16 11:38:11 ✅ OnDomReady 正常结束（服务异步启动中）
DEBUG: 2025/10/16 11:38:12 📊 开始启动监控服务（延迟后）
DEBUG: 2025/10/16 11:38:12 ✅ 服务启动过程完成
DEBUG: 2025/10/16 11:38:15 🚨 OnBeforeClose 被调用了！准备关闭应用
DEBUG: 2025/10/16 11:39:53 === Wails 应用启动调试开始 ===
DEBUG: 2025/10/16 11:39:53 启动时间: 2025-10-16 11:39:53
DEBUG: 2025/10/16 11:39:53 上下文: true
DEBUG: 2025/10/16 11:39:53 操作系统: linux
DEBUG: 2025/10/16 11:39:53 架构: amd64
DEBUG: 2025/10/16 11:39:53 开始初始化配置...
DEBUG: 2025/10/16 11:39:53 配置初始化完成: true
DEBUG: 2025/10/16 11:39:53 开始初始化日志...
DEBUG: 2025/10/16 11:39:53 日志初始化完成: true
DEBUG: 2025/10/16 11:39:53 开始初始化服务...
DEBUG: 2025/10/16 11:39:53 服务初始化完成
DEBUG: 2025/10/16 11:39:53 === 应用启动完成 ===
DEBUG: 2025/10/16 11:39:53 🎯 OnDomReady 开始执行
DEBUG: 2025/10/16 11:39:53 Platform: linux
DEBUG: 2025/10/16 11:39:53 Windows GUI Mode: true
DEBUG: 2025/10/16 11:39:53 ✅ OnDomReady 正常结束（服务异步启动中）
DEBUG: 2025/10/16 11:39:54 📊 开始启动监控服务（延迟后）
DEBUG: 2025/10/16 11:39:54 ✅ 服务启动过程完成
DEBUG: 2025/10/16 11:40:13 🚨 OnBeforeClose 被调用了！准备关闭应用
DEBUG: 2025/10/16 11:41:08 === Wails 应用启动调试开始 ===
DEBUG: 2025/10/16 11:41:08 启动时间: 2025-10-16 11:41:08
DEBUG: 2025/10/16 11:41:08 上下文: true
DEBUG: 2025/10/16 11:41:08 操作系统: linux
DEBUG: 2025/10/16 11:41:08 架构: amd64
DEBUG: 2025/10/16 11:41:08 开始初始化配置...
DEBUG: 2025/10/16 11:41:08 配置初始化完成: true
DEBUG: 2025/10/16 11:41:08 开始初始化日志...
DEBUG: 2025/10/16 11:41:08 日志初始化完成: true
DEBUG: 2025/10/16 11:41:08 开始初始化服务...
DEBUG: 2025/10/16 11:41:08 服务初始化完成
DEBUG: 2025/10/16 11:41:08 === 应用启动完成 ===
DEBUG: 2025/10/16 11:41:08 🎯 OnDomReady 开始执行
DEBUG: 2025/10/16 11:41:08 Platform: linux
DEBUG: 2025/10/16 11:41:08 Windows GUI Mode: true
DEBUG: 2025/10/16 11:41:08 ✅ OnDomReady 正常结束（服务异步启动中）
DEBUG: 2025/10/16 11:41:09 📊 开始启动监控服务（延迟后）
DEBUG: 2025/10/16 11:41:09 ✅ 服务启动过程完成
DEBUG: 2025/10/16 11:41:50 🚨 OnBeforeClose 被调用了！准备关闭应用
DEBUG: 2025/10/16 11:41:57 === Wails 应用启动调试开始 ===
DEBUG: 2025/10/16 11:41:57 启动时间: 2025-10-16 11:41:57
DEBUG: 2025/10/16 11:41:57 上下文: true
DEBUG: 2025/10/16 11:41:57 操作系统: linux
DEBUG: 2025/10/16 11:41:57 架构: amd64
DEBUG: 2025/10/16 11:41:57 开始初始化配置...
DEBUG: 2025/10/16 11:41:57 配置初始化完成: true
DEBUG: 2025/10/16 11:41:57 开始初始化日志...
DEBUG: 2025/10/16 11:41:57 日志初始化完成: true
DEBUG: 2025/10/16 11:41:57 开始初始化服务...
DEBUG: 2025/10/16 11:41:57 服务初始化完成
DEBUG: 2025/10/16 11:41:57 === 应用启动完成 ===
DEBUG: 2025/10/16 11:41:57 🎯 OnDomReady 开始执行
DEBUG: 2025/10/16 11:41:57 Platform: linux
DEBUG: 2025/10/16 11:41:57 Windows GUI Mode: true
DEBUG: 2025/10/16 11:41:57 ✅ OnDomReady 正常结束（服务异步启动中）
DEBUG: 2025/10/16 11:41:58 📊 开始启动监控服务（延迟后）
DEBUG: 2025/10/16 11:41:58 ✅ 服务启动过程完成
DEBUG: 2025/10/16 11:42:07 🚨 OnBeforeClose 被调用了！准备关闭应用
DEBUG: 2025/10/16 11:42:54 === Wails 应用启动调试开始 ===
DEBUG: 2025/10/16 11:42:54 启动时间: 2025-10-16 11:42:54
DEBUG: 2025/10/16 11:42:54 上下文: true
DEBUG: 2025/10/16 11:42:54 操作系统: linux
DEBUG: 2025/10/16 11:42:54 架构: amd64
DEBUG: 2025/10/16 11:42:54 开始初始化配置...
DEBUG: 2025/10/16 11:42:54 配置初始化完成: true
DEBUG: 2025/10/16 11:42:54 开始初始化日志...
DEBUG: 2025/10/16 11:42:54 日志初始化完成: true
DEBUG: 2025/10/16 11:42:54 开始初始化服务...
DEBUG: 2025/10/16 11:42:54 服务初始化完成
DEBUG: 2025/10/16 11:42:54 === 应用启动完成 ===
DEBUG: 2025/10/16 11:42:55 🎯 OnDomReady 开始执行
DEBUG: 2025/10/16 11:42:55 Platform: linux
DEBUG: 2025/10/16 11:42:55 Windows GUI Mode: true
DEBUG: 2025/10/16 11:42:55 ✅ OnDomReady 正常结束（服务异步启动中）
DEBUG: 2025/10/16 11:42:56 📊 开始启动监控服务（延迟后）
DEBUG: 2025/10/16 11:42:56 ✅ 服务启动过程完成
DEBUG: 2025/10/16 11:44:04 🎯 OnDomReady 开始执行
DEBUG: 2025/10/16 11:44:04 Platform: linux
DEBUG: 2025/10/16 11:44:04 Windows GUI Mode: true
DEBUG: 2025/10/16 11:44:04 ✅ OnDomReady 正常结束（服务异步启动中）
DEBUG: 2025/10/16 11:44:04 🎯 OnDomReady 开始执行
DEBUG: 2025/10/16 11:44:04 Platform: linux
DEBUG: 2025/10/16 11:44:04 Windows GUI Mode: true
DEBUG: 2025/10/16 11:44:04 ✅ OnDomReady 正常结束（服务异步启动中）
DEBUG: 2025/10/16 11:44:05 📊 开始启动监控服务（延迟后）
DEBUG: 2025/10/16 11:44:05 ✅ 服务启动过程完成
DEBUG: 2025/10/16 11:44:05 📊 开始启动监控服务（延迟后）
DEBUG: 2025/10/16 11:44:05 ✅ 服务启动过程完成
DEBUG: 2025/10/16 11:44:16 🚨 OnBeforeClose 被调用了！准备关闭应用
DEBUG: 2025/10/16 11:44:28 === Wails 应用启动调试开始 ===
DEBUG: 2025/10/16 11:44:28 启动时间: 2025-10-16 11:44:28
DEBUG: 2025/10/16 11:44:28 上下文: true
DEBUG: 2025/10/16 11:44:28 操作系统: linux
DEBUG: 2025/10/16 11:44:28 架构: amd64
DEBUG: 2025/10/16 11:44:28 开始初始化配置...
DEBUG: 2025/10/16 11:44:28 配置初始化完成: true
DEBUG: 2025/10/16 11:44:28 开始初始化日志...
DEBUG: 2025/10/16 11:44:28 日志初始化完成: true
DEBUG: 2025/10/16 11:44:28 开始初始化服务...
DEBUG: 2025/10/16 11:44:28 服务初始化完成
DEBUG: 2025/10/16 11:44:28 === 应用启动完成 ===
DEBUG: 2025/10/16 11:44:28 🎯 OnDomReady 开始执行
DEBUG: 2025/10/16 11:44:28 Platform: linux
DEBUG: 2025/10/16 11:44:28 Windows GUI Mode: true
DEBUG: 2025/10/16 11:44:28 ✅ OnDomReady 正常结束（服务异步启动中）
DEBUG: 2025/10/16 11:44:29 📊 开始启动监控服务（延迟后）
DEBUG: 2025/10/16 11:44:29 ✅ 服务启动过程完成
DEBUG: 2025/10/16 11:47:46 🚨 OnBeforeClose 被调用了！准备关闭应用
DEBUG: 2025/10/16 11:50:27 === Wails 应用启动调试开始 ===
DEBUG: 2025/10/16 11:50:27 启动时间: 2025-10-16 11:50:27
DEBUG: 2025/10/16 11:50:27 上下文: true
DEBUG: 2025/10/16 11:50:27 操作系统: linux
DEBUG: 2025/10/16 11:50:27 架构: amd64
DEBUG: 2025/10/16 11:50:27 开始初始化配置...
DEBUG: 2025/10/16 11:50:27 配置初始化完成: true
DEBUG: 2025/10/16 11:50:27 开始初始化日志...
DEBUG: 2025/10/16 11:50:27 日志初始化完成: true
DEBUG: 2025/10/16 11:50:27 开始初始化服务...
DEBUG: 2025/10/16 11:50:27 服务初始化完成
DEBUG: 2025/10/16 11:50:27 === 应用启动完成 ===
DEBUG: 2025/10/16 11:50:27 🎯 OnDomReady 开始执行
DEBUG: 2025/10/16 11:50:27 Platform: linux
DEBUG: 2025/10/16 11:50:27 Windows GUI Mode: true
DEBUG: 2025/10/16 11:50:27 ✅ OnDomReady 正常结束（服务异步启动中）
DEBUG: 2025/10/16 11:50:28 📊 开始启动监控服务（延迟后）
DEBUG: 2025/10/16 11:50:28 ✅ 服务启动过程完成
DEBUG: 2025/10/16 11:50:35 🚨 OnBeforeClose 被调用了！准备关闭应用
DEBUG: 2025/10/16 11:51:05 === Wails 应用启动调试开始 ===
DEBUG: 2025/10/16 11:51:05 启动时间: 2025-10-16 11:51:05
DEBUG: 2025/10/16 11:51:05 上下文: true
DEBUG: 2025/10/16 11:51:05 操作系统: linux
DEBUG: 2025/10/16 11:51:05 架构: amd64
DEBUG: 2025/10/16 11:51:05 开始初始化配置...
DEBUG: 2025/10/16 11:51:05 配置初始化完成: true
DEBUG: 2025/10/16 11:51:05 开始初始化日志...
DEBUG: 2025/10/16 11:51:05 日志初始化完成: true
DEBUG: 2025/10/16 11:51:05 开始初始化服务...
DEBUG: 2025/10/16 11:51:05 服务初始化完成
DEBUG: 2025/10/16 11:51:05 === 应用启动完成 ===
DEBUG: 2025/10/16 11:51:05 🎯 OnDomReady 开始执行
DEBUG: 2025/10/16 11:51:05 Platform: linux
DEBUG: 2025/10/16 11:51:05 Windows GUI Mode: true
DEBUG: 2025/10/16 11:51:05 ✅ OnDomReady 正常结束（服务异步启动中）
DEBUG: 2025/10/16 11:51:06 📊 开始启动监控服务（延迟后）
DEBUG: 2025/10/16 11:51:06 ✅ 服务启动过程完成
DEBUG: 2025/10/16 11:51:26 🚨 OnBeforeClose 被调用了！准备关闭应用
DEBUG: 2025/10/16 11:52:11 === Wails 应用启动调试开始 ===
DEBUG: 2025/10/16 11:52:11 启动时间: 2025-10-16 11:52:11
DEBUG: 2025/10/16 11:52:11 上下文: true
DEBUG: 2025/10/16 11:52:11 操作系统: linux
DEBUG: 2025/10/16 11:52:11 架构: amd64
DEBUG: 2025/10/16 11:52:11 开始初始化配置...
DEBUG: 2025/10/16 11:52:11 配置初始化完成: true
DEBUG: 2025/10/16 11:52:11 开始初始化日志...
DEBUG: 2025/10/16 11:52:11 日志初始化完成: true
DEBUG: 2025/10/16 11:52:11 开始初始化服务...
DEBUG: 2025/10/16 11:52:11 服务初始化完成
DEBUG: 2025/10/16 11:52:11 === 应用启动完成 ===
DEBUG: 2025/10/16 11:52:12 🎯 OnDomReady 开始执行
DEBUG: 2025/10/16 11:52:12 Platform: linux
DEBUG: 2025/10/16 11:52:12 Windows GUI Mode: true
DEBUG: 2025/10/16 11:52:12 ✅ OnDomReady 正常结束（服务异步启动中）
DEBUG: 2025/10/16 11:52:13 📊 开始启动监控服务（延迟后）
DEBUG: 2025/10/16 11:52:13 ✅ 服务启动过程完成
DEBUG: 2025/10/16 11:52:42 🚨 OnBeforeClose 被调用了！准备关闭应用
DEBUG: 2025/10/16 11:53:16 === Wails 应用启动调试开始 ===
DEBUG: 2025/10/16 11:53:16 启动时间: 2025-10-16 11:53:16
DEBUG: 2025/10/16 11:53:16 上下文: true
DEBUG: 2025/10/16 11:53:16 操作系统: linux
DEBUG: 2025/10/16 11:53:16 架构: amd64
DEBUG: 2025/10/16 11:53:16 开始初始化配置...
DEBUG: 2025/10/16 11:53:16 配置初始化完成: true
DEBUG: 2025/10/16 11:53:16 开始初始化日志...
DEBUG: 2025/10/16 11:53:16 日志初始化完成: true
DEBUG: 2025/10/16 11:53:16 开始初始化服务...
DEBUG: 2025/10/16 11:53:16 服务初始化完成
DEBUG: 2025/10/16 11:53:16 === 应用启动完成 ===
DEBUG: 2025/10/16 11:53:16 🎯 OnDomReady 开始执行
DEBUG: 2025/10/16 11:53:16 Platform: linux
DEBUG: 2025/10/16 11:53:16 Windows GUI Mode: true
DEBUG: 2025/10/16 11:53:16 ✅ OnDomReady 正常结束（服务异步启动中）
DEBUG: 2025/10/16 11:53:17 📊 开始启动监控服务（延迟后）
DEBUG: 2025/10/16 11:53:17 ✅ 服务启动过程完成
DEBUG: 2025/10/16 11:53:46 🚨 OnBeforeClose 被调用了！准备关闭应用
DEBUG: 2025/10/16 14:20:15 === Wails 应用启动调试开始 ===
DEBUG: 2025/10/16 14:20:15 启动时间: 2025-10-16 14:20:15
DEBUG: 2025/10/16 14:20:15 上下文: true
DEBUG: 2025/10/16 14:20:15 操作系统: linux
DEBUG: 2025/10/16 14:20:15 架构: amd64
DEBUG: 2025/10/16 14:20:15 开始初始化配置...
DEBUG: 2025/10/16 14:20:15 配置初始化完成: true
DEBUG: 2025/10/16 14:20:15 开始初始化日志...
DEBUG: 2025/10/16 14:20:15 日志初始化完成: true
DEBUG: 2025/10/16 14:20:15 开始初始化服务...
DEBUG: 2025/10/16 14:20:15 服务初始化完成
DEBUG: 2025/10/16 14:20:15 === 应用启动完成 ===
DEBUG: 2025/10/16 14:20:15 🎯 OnDomReady 开始执行
DEBUG: 2025/10/16 14:20:15 Platform: linux
DEBUG: 2025/10/16 14:20:15 Windows GUI Mode: true
DEBUG: 2025/10/16 14:20:15 ✅ OnDomReady 正常结束（服务异步启动中）
DEBUG: 2025/10/16 14:20:16 📊 开始启动监控服务（延迟后）
DEBUG: 2025/10/16 14:20:16 ✅ 服务启动过程完成
DEBUG: 2025/10/16 14:29:02 🚨 OnBeforeClose 被调用了！准备关闭应用
DEBUG: 2025/10/16 14:29:15 === Wails 应用启动调试开始 ===
DEBUG: 2025/10/16 14:29:15 启动时间: 2025-10-16 14:29:15
DEBUG: 2025/10/16 14:29:15 上下文: true
DEBUG: 2025/10/16 14:29:15 操作系统: linux
DEBUG: 2025/10/16 14:29:15 架构: amd64
DEBUG: 2025/10/16 14:29:15 开始初始化配置...
DEBUG: 2025/10/16 14:29:15 配置初始化完成: true
DEBUG: 2025/10/16 14:29:15 开始初始化日志...
DEBUG: 2025/10/16 14:29:15 日志初始化完成: true
DEBUG: 2025/10/16 14:29:15 开始初始化服务...
DEBUG: 2025/10/16 14:29:15 服务初始化完成
DEBUG: 2025/10/16 14:29:15 === 应用启动完成 ===
DEBUG: 2025/10/16 14:29:16 🎯 OnDomReady 开始执行
DEBUG: 2025/10/16 14:29:16 Platform: linux
DEBUG: 2025/10/16 14:29:16 Windows GUI Mode: true
DEBUG: 2025/10/16 14:29:16 ✅ OnDomReady 正常结束（服务异步启动中）
DEBUG: 2025/10/16 14:29:17 📊 开始启动监控服务（延迟后）
DEBUG: 2025/10/16 14:29:17 ✅ 服务启动过程完成
DEBUG: 2025/10/16 14:29:30 🚨 OnBeforeClose 被调用了！准备关闭应用
DEBUG: 2025/10/16 14:29:55 === Wails 应用启动调试开始 ===
DEBUG: 2025/10/16 14:29:55 启动时间: 2025-10-16 14:29:55
DEBUG: 2025/10/16 14:29:55 上下文: true
DEBUG: 2025/10/16 14:29:55 操作系统: linux
DEBUG: 2025/10/16 14:29:55 架构: amd64
DEBUG: 2025/10/16 14:29:55 开始初始化配置...
DEBUG: 2025/10/16 14:29:55 配置初始化完成: true
DEBUG: 2025/10/16 14:29:55 开始初始化日志...
DEBUG: 2025/10/16 14:29:55 日志初始化完成: true
DEBUG: 2025/10/16 14:29:55 开始初始化服务...
DEBUG: 2025/10/16 14:29:55 服务初始化完成
DEBUG: 2025/10/16 14:29:55 === 应用启动完成 ===
DEBUG: 2025/10/16 14:29:55 🎯 OnDomReady 开始执行
DEBUG: 2025/10/16 14:29:55 Platform: linux
DEBUG: 2025/10/16 14:29:55 Windows GUI Mode: true
DEBUG: 2025/10/16 14:29:55 ✅ OnDomReady 正常结束（服务异步启动中）
DEBUG: 2025/10/16 14:29:56 📊 开始启动监控服务（延迟后）
DEBUG: 2025/10/16 14:29:56 ✅ 服务启动过程完成
DEBUG: 2025/10/16 14:32:37 🚨 OnBeforeClose 被调用了！准备关闭应用
DEBUG: 2025/10/16 14:33:59 === Wails 应用启动调试开始 ===
DEBUG: 2025/10/16 14:33:59 启动时间: 2025-10-16 14:33:59
DEBUG: 2025/10/16 14:33:59 上下文: true
DEBUG: 2025/10/16 14:33:59 操作系统: linux
DEBUG: 2025/10/16 14:33:59 架构: amd64
DEBUG: 2025/10/16 14:33:59 开始初始化配置...
DEBUG: 2025/10/16 14:33:59 配置初始化完成: true
DEBUG: 2025/10/16 14:33:59 开始初始化日志...
DEBUG: 2025/10/16 14:33:59 日志初始化完成: true
DEBUG: 2025/10/16 14:33:59 开始初始化服务...
DEBUG: 2025/10/16 14:33:59 服务初始化完成
DEBUG: 2025/10/16 14:33:59 === 应用启动完成 ===
DEBUG: 2025/10/16 14:34:00 🎯 OnDomReady 开始执行
DEBUG: 2025/10/16 14:34:00 Platform: linux
DEBUG: 2025/10/16 14:34:00 Windows GUI Mode: true
DEBUG: 2025/10/16 14:34:00 ✅ OnDomReady 正常结束（服务异步启动中）
DEBUG: 2025/10/16 14:34:01 📊 开始启动监控服务（延迟后）
DEBUG: 2025/10/16 14:34:01 ✅ 服务启动过程完成
DEBUG: 2025/10/16 14:34:09 🚨 OnBeforeClose 被调用了！准备关闭应用
DEBUG: 2025/10/16 14:34:17 === Wails 应用启动调试开始 ===
DEBUG: 2025/10/16 14:34:17 启动时间: 2025-10-16 14:34:17
DEBUG: 2025/10/16 14:34:17 上下文: true
DEBUG: 2025/10/16 14:34:17 操作系统: linux
DEBUG: 2025/10/16 14:34:17 架构: amd64
DEBUG: 2025/10/16 14:34:17 开始初始化配置...
DEBUG: 2025/10/16 14:34:17 配置初始化完成: true
DEBUG: 2025/10/16 14:34:17 开始初始化日志...
DEBUG: 2025/10/16 14:34:17 日志初始化完成: true
DEBUG: 2025/10/16 14:34:17 开始初始化服务...
DEBUG: 2025/10/16 14:34:17 服务初始化完成
DEBUG: 2025/10/16 14:34:17 === 应用启动完成 ===
DEBUG: 2025/10/16 14:34:18 🎯 OnDomReady 开始执行
DEBUG: 2025/10/16 14:34:18 Platform: linux
DEBUG: 2025/10/16 14:34:18 Windows GUI Mode: true
DEBUG: 2025/10/16 14:34:18 ✅ OnDomReady 正常结束（服务异步启动中）
DEBUG: 2025/10/16 14:34:19 📊 开始启动监控服务（延迟后）
DEBUG: 2025/10/16 14:34:19 ✅ 服务启动过程完成
DEBUG: 2025/10/16 14:34:58 🚨 OnBeforeClose 被调用了！准备关闭应用
DEBUG: 2025/10/16 14:40:58 === Wails 应用启动调试开始 ===
DEBUG: 2025/10/16 14:40:58 启动时间: 2025-10-16 14:40:58
DEBUG: 2025/10/16 14:40:58 上下文: true
DEBUG: 2025/10/16 14:40:58 操作系统: linux
DEBUG: 2025/10/16 14:40:58 架构: amd64
DEBUG: 2025/10/16 14:40:58 开始初始化配置...
DEBUG: 2025/10/16 14:40:58 配置初始化完成: true
DEBUG: 2025/10/16 14:40:58 开始初始化日志...
DEBUG: 2025/10/16 14:40:58 日志初始化完成: true
DEBUG: 2025/10/16 14:40:58 开始初始化服务...
DEBUG: 2025/10/16 14:40:58 服务初始化完成
DEBUG: 2025/10/16 14:40:58 === 应用启动完成 ===
DEBUG: 2025/10/16 14:40:59 🎯 OnDomReady 开始执行
DEBUG: 2025/10/16 14:40:59 Platform: linux
DEBUG: 2025/10/16 14:40:59 Windows GUI Mode: true
DEBUG: 2025/10/16 14:40:59 ✅ OnDomReady 正常结束（服务异步启动中）
DEBUG: 2025/10/16 14:41:00 📊 开始启动监控服务（延迟后）
DEBUG: 2025/10/16 14:41:00 ✅ 服务启动过程完成
DEBUG: 2025/10/16 15:05:19 🚨 OnBeforeClose 被调用了！准备关闭应用
DEBUG: 2025/10/16 15:09:03 === Wails 应用启动调试开始 ===
DEBUG: 2025/10/16 15:09:03 启动时间: 2025-10-16 15:09:03
DEBUG: 2025/10/16 15:09:03 上下文: true
DEBUG: 2025/10/16 15:09:03 操作系统: linux
DEBUG: 2025/10/16 15:09:03 架构: amd64
DEBUG: 2025/10/16 15:09:03 开始初始化配置...
DEBUG: 2025/10/16 15:09:03 配置初始化完成: true
DEBUG: 2025/10/16 15:09:03 开始初始化日志...
DEBUG: 2025/10/16 15:09:03 日志初始化完成: true
DEBUG: 2025/10/16 15:09:03 开始初始化服务...
DEBUG: 2025/10/16 15:09:03 服务初始化完成
DEBUG: 2025/10/16 15:09:03 === 应用启动完成 ===
DEBUG: 2025/10/16 15:09:03 🎯 OnDomReady 开始执行
DEBUG: 2025/10/16 15:09:03 Platform: linux
DEBUG: 2025/10/16 15:09:03 Windows GUI Mode: true
DEBUG: 2025/10/16 15:09:03 ✅ OnDomReady 正常结束（服务异步启动中）
DEBUG: 2025/10/16 15:09:04 📊 开始启动监控服务（延迟后）
DEBUG: 2025/10/16 15:09:04 ✅ 服务启动过程完成
DEBUG: 2025/10/16 15:09:45 🚨 OnBeforeClose 被调用了！准备关闭应用
DEBUG: 2025/10/16 16:10:39 === Wails 应用启动调试开始 ===
DEBUG: 2025/10/16 16:10:39 启动时间: 2025-10-16 16:10:39
DEBUG: 2025/10/16 16:10:39 上下文: true
DEBUG: 2025/10/16 16:10:39 操作系统: linux
DEBUG: 2025/10/16 16:10:39 架构: amd64
DEBUG: 2025/10/16 16:10:39 开始初始化配置...
DEBUG: 2025/10/16 16:10:39 配置初始化完成: true
DEBUG: 2025/10/16 16:10:39 开始初始化日志...
DEBUG: 2025/10/16 16:10:39 日志初始化完成: true
DEBUG: 2025/10/16 16:10:39 开始初始化服务...
DEBUG: 2025/10/16 16:10:39 服务初始化完成
DEBUG: 2025/10/16 16:10:39 === 应用启动完成 ===
DEBUG: 2025/10/16 16:10:39 🎯 OnDomReady 开始执行
DEBUG: 2025/10/16 16:10:39 Platform: linux
DEBUG: 2025/10/16 16:10:39 Windows GUI Mode: true
DEBUG: 2025/10/16 16:10:39 ✅ OnDomReady 正常结束（服务异步启动中）
DEBUG: 2025/10/16 16:10:40 📊 开始启动监控服务（延迟后）
DEBUG: 2025/10/16 16:10:40 ✅ 服务启动过程完成
DEBUG: 2025/10/16 16:16:08 🚨 OnBeforeClose 被调用了！准备关闭应用
DEBUG: 2025/10/16 16:17:29 === Wails 应用启动调试开始 ===
DEBUG: 2025/10/16 16:17:29 启动时间: 2025-10-16 16:17:29
DEBUG: 2025/10/16 16:17:29 上下文: true
DEBUG: 2025/10/16 16:17:29 操作系统: linux
DEBUG: 2025/10/16 16:17:29 架构: amd64
DEBUG: 2025/10/16 16:17:29 开始初始化配置...
DEBUG: 2025/10/16 16:17:29 配置初始化完成: true
DEBUG: 2025/10/16 16:17:29 开始初始化日志...
DEBUG: 2025/10/16 16:17:29 日志初始化完成: true
DEBUG: 2025/10/16 16:17:29 开始初始化服务...
DEBUG: 2025/10/16 16:17:29 服务初始化完成
DEBUG: 2025/10/16 16:17:29 === 应用启动完成 ===
DEBUG: 2025/10/16 16:17:29 🎯 OnDomReady 开始执行
DEBUG: 2025/10/16 16:17:29 Platform: linux
DEBUG: 2025/10/16 16:17:29 Windows GUI Mode: true
DEBUG: 2025/10/16 16:17:29 ✅ OnDomReady 正常结束（服务异步启动中）
DEBUG: 2025/10/16 16:17:30 📊 开始启动监控服务（延迟后）
DEBUG: 2025/10/16 16:17:30 ✅ 服务启动过程完成
DEBUG: 2025/10/16 16:17:51 🚨 OnBeforeClose 被调用了！准备关闭应用
DEBUG: 2025/10/16 16:24:01 === Wails 应用启动调试开始 ===
DEBUG: 2025/10/16 16:24:01 启动时间: 2025-10-16 16:24:01
DEBUG: 2025/10/16 16:24:01 上下文: true
DEBUG: 2025/10/16 16:24:01 操作系统: linux
DEBUG: 2025/10/16 16:24:01 架构: amd64
DEBUG: 2025/10/16 16:24:01 开始初始化配置...
DEBUG: 2025/10/16 16:24:01 配置初始化完成: true
DEBUG: 2025/10/16 16:24:01 开始初始化日志...
DEBUG: 2025/10/16 16:24:01 日志初始化完成: true
DEBUG: 2025/10/16 16:24:01 开始初始化服务...
DEBUG: 2025/10/16 16:24:01 服务初始化完成
DEBUG: 2025/10/16 16:24:01 === 应用启动完成 ===
DEBUG: 2025/10/16 16:24:02 🎯 OnDomReady 开始执行
DEBUG: 2025/10/16 16:24:02 Platform: linux
DEBUG: 2025/10/16 16:24:02 Windows GUI Mode: true
DEBUG: 2025/10/16 16:24:02 ✅ OnDomReady 正常结束（服务异步启动中）
DEBUG: 2025/10/16 16:24:03 📊 开始启动监控服务（延迟后）
DEBUG: 2025/10/16 16:24:03 ✅ 服务启动过程完成
DEBUG: 2025/10/16 16:24:16 🚨 OnBeforeClose 被调用了！准备关闭应用
DEBUG: 2025/10/16 16:24:36 === Wails 应用启动调试开始 ===
DEBUG: 2025/10/16 16:24:36 启动时间: 2025-10-16 16:24:36
DEBUG: 2025/10/16 16:24:36 上下文: true
DEBUG: 2025/10/16 16:24:36 操作系统: linux
DEBUG: 2025/10/16 16:24:36 架构: amd64
DEBUG: 2025/10/16 16:24:36 开始初始化配置...
DEBUG: 2025/10/16 16:24:36 配置初始化完成: true
DEBUG: 2025/10/16 16:24:36 开始初始化日志...
DEBUG: 2025/10/16 16:24:36 日志初始化完成: true
DEBUG: 2025/10/16 16:24:36 开始初始化服务...
DEBUG: 2025/10/16 16:24:36 服务初始化完成
DEBUG: 2025/10/16 16:24:36 === 应用启动完成 ===
DEBUG: 2025/10/16 16:24:36 🎯 OnDomReady 开始执行
DEBUG: 2025/10/16 16:24:36 Platform: linux
DEBUG: 2025/10/16 16:24:36 Windows GUI Mode: true
DEBUG: 2025/10/16 16:24:36 ✅ OnDomReady 正常结束（服务异步启动中）
DEBUG: 2025/10/16 16:24:37 📊 开始启动监控服务（延迟后）
DEBUG: 2025/10/16 16:24:37 ✅ 服务启动过程完成
DEBUG: 2025/10/16 16:24:43 🚨 OnBeforeClose 被调用了！准备关闭应用
DEBUG: 2025/10/16 16:41:21 === Wails 应用启动调试开始 ===
DEBUG: 2025/10/16 16:41:21 启动时间: 2025-10-16 16:41:21
DEBUG: 2025/10/16 16:41:21 上下文: true
DEBUG: 2025/10/16 16:41:21 操作系统: linux
DEBUG: 2025/10/16 16:41:21 架构: amd64
DEBUG: 2025/10/16 16:41:21 开始初始化配置...
DEBUG: 2025/10/16 16:41:21 配置初始化完成: true
DEBUG: 2025/10/16 16:41:21 开始初始化日志...
DEBUG: 2025/10/16 16:41:21 日志初始化完成: true
DEBUG: 2025/10/16 16:41:21 开始初始化服务...
DEBUG: 2025/10/16 16:41:21 服务初始化完成
DEBUG: 2025/10/16 16:41:21 === 应用启动完成 ===
DEBUG: 2025/10/16 16:41:22 🎯 OnDomReady 开始执行
DEBUG: 2025/10/16 16:41:22 Platform: linux
DEBUG: 2025/10/16 16:41:22 Windows GUI Mode: true
DEBUG: 2025/10/16 16:41:22 ✅ OnDomReady 正常结束（服务异步启动中）
DEBUG: 2025/10/16 16:41:23 📊 开始启动监控服务（延迟后）
DEBUG: 2025/10/16 16:41:23 ✅ 服务启动过程完成
DEBUG: 2025/10/16 16:41:32 🚨 OnBeforeClose 被调用了！准备关闭应用
